[[1;34mINFO[m] Scanning for projects...
[[1;34mINFO[m] 
[[1;34mINFO[m] [1m----------------< [0;36mcom.company:employee-management-api[0;1m >-----------------[m
[[1;34mINFO[m] [1mBuilding  0.0.1-SNAPSHOT[m
[[1;34mINFO[m] [1m--------------------------------[ jar ]---------------------------------[m
[[1;34mINFO[m] 
[[1;34mINFO[m] [1m--- [0;32mmaven-clean-plugin:3.4.1:clean[m [1m(default-clean)[m @ [36memployee-management-api[0;1m ---[m
[[1;34mINFO[m] Deleting /home/ubuntu/employee-management-api/target
[[1;34mINFO[m] 
[[1;34mINFO[m] [1m--- [0;32mmaven-resources-plugin:3.3.1:resources[m [1m(default-resources)[m @ [36memployee-management-api[0;1m ---[m
[[1;34mINFO[m] Copying 1 resource from src/main/resources to target/classes
[[1;34mINFO[m] Copying 0 resource from src/main/resources to target/classes
[[1;34mINFO[m] 
[[1;34mINFO[m] [1m--- [0;32mmaven-compiler-plugin:3.14.1:compile[m [1m(default-compile)[m @ [36memployee-management-api[0;1m ---[m
[[1;34mINFO[m] Recompiling the module because of [1mchanged source code[m.
[[1;34mINFO[m] Compiling 2 source files with javac [debug parameters release 21] to target/classes
[[1;34mINFO[m] -------------------------------------------------------------
[[1;31mERROR[m] COMPILATION ERROR : 
[[1;34mINFO[m] -------------------------------------------------------------
[[1;31mERROR[m] /home/ubuntu/employee-management-api/src/main/java/employee_management_api/controller/HealthController.java:[3,47] package org.springframework.web.bind.annotation does not exist
[[1;31mERROR[m] /home/ubuntu/employee-management-api/src/main/java/employee_management_api/controller/HealthController.java:[4,47] package org.springframework.web.bind.annotation does not exist
[[1;31mERROR[m] /home/ubuntu/employee-management-api/src/main/java/employee_management_api/controller/HealthController.java:[6,2] cannot find symbol
  symbol: class RestController
[[1;31mERROR[m] /home/ubuntu/employee-management-api/src/main/java/employee_management_api/controller/HealthController.java:[9,6] cannot find symbol
  symbol:   class GetMapping
  location: class employee_management_api.controller.HealthController
[[1;31mERROR[m] /home/ubuntu/employee-management-api/src/main/java/employee_management_api/controller/HealthController.java:[14,6] cannot find symbol
  symbol:   class GetMapping
  location: class employee_management_api.controller.HealthController
[[1;31mERROR[m] /home/ubuntu/employee-management-api/src/main/java/employee_management_api/controller/HealthController.java:[19,6] cannot find symbol
  symbol:   class GetMapping
  location: class employee_management_api.controller.HealthController
[[1;34mINFO[m] 6 errors 
[[1;34mINFO[m] -------------------------------------------------------------
[[1;34mINFO[m] [1m------------------------------------------------------------------------[m
[[1;34mINFO[m] [1;31mBUILD FAILURE[m
[[1;34mINFO[m] [1m------------------------------------------------------------------------[m
[[1;34mINFO[m] Total time:  1.825 s
[[1;34mINFO[m] Finished at: 2026-06-06T05:59:57Z
[[1;34mINFO[m] [1m------------------------------------------------------------------------[m
[[1;31mERROR[m] Failed to execute goal [32morg.apache.maven.plugins:maven-compiler-plugin:3.14.1:compile[m [1m(default-compile)[m on project [36memployee-management-api[m: [1;31mCompilation failure[m: Compilation failure: 
[[1;31mERROR[m] /home/ubuntu/employee-management-api/src/main/java/employee_management_api/controller/HealthController.java:[3,47] package org.springframework.web.bind.annotation does not exist
[[1;31mERROR[m] /home/ubuntu/employee-management-api/src/main/java/employee_management_api/controller/HealthController.java:[4,47] package org.springframework.web.bind.annotation does not exist
[[1;31mERROR[m] /home/ubuntu/employee-management-api/src/main/java/employee_management_api/controller/HealthController.java:[6,2] cannot find symbol
[[1;31mERROR[m]   symbol: class RestController
[[1;31mERROR[m] /home/ubuntu/employee-management-api/src/main/java/employee_management_api/controller/HealthController.java:[9,6] cannot find symbol
[[1;31mERROR[m]   symbol:   class GetMapping
[[1;31mERROR[m]   location: class employee_management_api.controller.HealthController
[[1;31mERROR[m] /home/ubuntu/employee-management-api/src/main/java/employee_management_api/controller/HealthController.java:[14,6] cannot find symbol
[[1;31mERROR[m]   symbol:   class GetMapping
[[1;31mERROR[m]   location: class employee_management_api.controller.HealthController
[[1;31mERROR[m] /home/ubuntu/employee-management-api/src/main/java/employee_management_api/controller/HealthController.java:[19,6] cannot find symbol
[[1;31mERROR[m]   symbol:   class GetMapping
[[1;31mERROR[m]   location: class employee_management_api.controller.HealthController
[[1;31mERROR[m] -> [1m[Help 1][m
[[1;31mERROR[m] 
[[1;31mERROR[m] To see the full stack trace of the errors, re-run Maven with the [1m-e[m switch.
[[1;31mERROR[m] Re-run Maven using the [1m-X[m switch to enable full debug logging.
[[1;31mERROR[m] 
[[1;31mERROR[m] For more information about the errors and possible solutions, please read the following articles:
[[1;31mERROR[m] [1m[Help 1][m http://cwiki.apache.org/confluence/display/MAVEN/MojoFailureException
